<?xml version="1.0" encoding="UTF-8"?>
<testng-results total="2" passed="2" failed="0" skipped="0">
  <reporter-output>
  </reporter-output>
  <suite started-at="2019-07-05T10:39:59Z" name="softwaretestingmaterial" finished-at="2019-07-05T10:48:21Z" duration-ms="502935">
    <groups>
    </groups>
    <test started-at="2019-07-05T10:39:59Z" name="testngTest" finished-at="2019-07-05T10:48:21Z" duration-ms="502935">
      <class name="testCases.JiraApplicationLogin">
        <test-method signature="f()[pri:0, instance:testCases.JiraApplicationLogin@8909f18]" started-at="2019-07-05T16:09:59Z" name="f" finished-at="2019-07-05T16:10:34Z" duration-ms="34942" status="PASS">
          <reporter-output>
          </reporter-output>
        </test-method> <!-- f -->
      </class> <!-- testCases.JiraApplicationLogin -->
      <class name="TestRunner.TestRunner">
        <test-method is-config="true" signature="beforeSuite()[pri:0, instance:TestRunner.TestRunner@fdefd3f]" started-at="2019-07-05T16:09:31Z" name="beforeSuite" finished-at="2019-07-05T16:09:59Z" duration-ms="27467" status="PASS">
          <reporter-output>
          </reporter-output>
        </test-method> <!-- beforeSuite -->
        <test-method is-config="true" signature="afterSuite()[pri:0, instance:TestRunner.TestRunner@fdefd3f]" started-at="2019-07-05T16:18:22Z" name="afterSuite" finished-at="2019-07-05T16:18:23Z" duration-ms="1250" status="PASS">
          <reporter-output>
          </reporter-output>
        </test-method> <!-- afterSuite -->
      </class> <!-- TestRunner.TestRunner -->
      <class name="testCases.UploadByCreate">
        <test-method signature="testSetup()[pri:0, instance:testCases.UploadByCreate@79ca92b9]" started-at="2019-07-05T16:10:34Z" name="testSetup" finished-at="2019-07-05T16:18:21Z" duration-ms="467963" status="PASS">
          <reporter-output>
          </reporter-output>
        </test-method> <!-- testSetup -->
      </class> <!-- testCases.UploadByCreate -->
    </test> <!-- testngTest -->
  </suite> <!-- softwaretestingmaterial -->
</testng-results>
